2025-07-22 23:47:04,080 - INFO - Workspace directories created
2025-07-22 23:47:04,081 - INFO - Magpie Workflow initialized: raven_model
2025-07-22 23:47:04,081 - INFO - Starting Magpie Workflow...
2025-07-22 23:47:04,081 - INFO - === STEP 1: Study Area Processing ===
2025-07-22 23:47:04,081 - INFO - Loading study area...
2025-07-22 23:47:04,081 - ERROR - Study area shapefile not found: workspace/data/inputs/study_area.shp
2025-07-22 23:47:04,081 - INFO - Creating sample study area...
2025-07-22 23:47:04,192 - INFO - Created 1 records
2025-07-22 23:47:04,192 - INFO - === STEP 2: Data Preparation ===
2025-07-22 23:47:04,193 - INFO - Creating sample DEM...
2025-07-22 23:47:04,236 - INFO - Sample DEM created: workspace/data/dem_sample.csv
2025-07-22 23:47:04,236 - INFO - Creating sample climate data...
2025-07-22 23:47:04,304 - INFO - Sample climate data created: workspace/data/climate_sample.csv (2192 records)
2025-07-22 23:47:04,305 - INFO - === STEP 3: Basin Processing ===
2025-07-22 23:47:04,305 - INFO - Creating subbasins...
2025-07-22 23:47:04,312 - INFO - Created 16 records
2025-07-22 23:47:04,312 - INFO - Created 16 subbasins
2025-07-22 23:47:04,313 - INFO - Creating HRUs...
2025-07-22 23:47:04,322 - INFO - Created 16 records
2025-07-22 23:47:04,322 - INFO - Created 16 HRUs
2025-07-22 23:47:04,322 - INFO - === STEP 4: Forcing Data ===
2025-07-22 23:47:04,322 - INFO - Formatting forcing data for Raven...
2025-07-22 23:47:04,436 - INFO - RVT file created: workspace/outputs/forcing/raven_model.rvt
2025-07-22 23:47:04,436 - INFO - Creating gauge file...
2025-07-22 23:47:04,438 - INFO - Gauge file created: workspace/outputs/forcing/gauges.rvg
2025-07-22 23:47:04,438 - INFO - === STEP 5: Model Building ===
2025-07-22 23:47:04,438 - INFO - Creating RVI file...
2025-07-22 23:47:04,438 - INFO - RVI file created: workspace/outputs/raven/raven_model.rvi
2025-07-22 23:47:04,438 - INFO - Creating RVH file...
2025-07-22 23:47:04,440 - INFO - RVH file created: workspace/outputs/raven/raven_model.rvh
2025-07-22 23:47:04,440 - INFO - Creating RVP file...
2025-07-22 23:47:04,441 - INFO - RVP file created: workspace/outputs/raven/raven_model.rvp
2025-07-22 23:47:04,441 - INFO - Creating RVC file...
2025-07-22 23:47:04,442 - INFO - RVC file created: workspace/outputs/raven/raven_model.rvc
2025-07-22 23:47:04,442 - INFO - === STEP 6: Visualization ===
2025-07-22 23:47:04,442 - INFO - Creating study area plot...
2025-07-22 23:47:04,880 - INFO - Study area plot saved: workspace/outputs/plots/study_area.png
2025-07-22 23:47:04,880 - INFO - Creating subbasins plot...
2025-07-22 23:47:05,494 - INFO - Subbasins plot saved: workspace/outputs/plots/subbasins.png
2025-07-22 23:47:05,494 - INFO - Creating climate data plot...
2025-07-22 23:47:06,931 - INFO - Climate summary plot saved: workspace/outputs/plots/climate_summary.png
2025-07-22 23:47:06,932 - INFO - === STEP 7: Summary Report ===
2025-07-22 23:47:06,932 - INFO - Creating summary report...
2025-07-22 23:47:06,932 - INFO - Summary report created: workspace/outputs/workflow_summary.md
2025-07-22 23:47:06,932 - INFO - Input validation: {'study_area': False, 'dem': True, 'climate': True}
2025-07-22 23:47:06,933 - INFO - === WORKFLOW COMPLETED ===
2025-07-22 23:47:06,933 - INFO - Completed 7/8 steps successfully
2025-07-22 23:47:38,529 - INFO - Workspace directories created
2025-07-22 23:47:38,530 - INFO - Magpie Workflow initialized: raven_model
2025-07-22 23:47:38,531 - INFO - Starting Magpie Workflow...
2025-07-22 23:47:38,531 - INFO - === STEP 1: Study Area Processing ===
2025-07-22 23:47:38,531 - INFO - Loading study area...
2025-07-22 23:47:38,531 - ERROR - Study area shapefile not found: workspace/data/inputs/study_area.shp
2025-07-22 23:47:38,531 - INFO - Creating sample study area...
2025-07-22 23:47:38,576 - INFO - Created 1 records
2025-07-22 23:47:38,577 - INFO - === STEP 2: Data Preparation ===
2025-07-22 23:47:38,577 - INFO - Creating sample DEM...
2025-07-22 23:47:38,606 - INFO - Sample DEM created: workspace/data/dem_sample.csv
2025-07-22 23:47:38,607 - INFO - Creating sample climate data...
2025-07-22 23:47:38,680 - INFO - Sample climate data created: workspace/data/climate_sample.csv (2192 records)
2025-07-22 23:47:38,681 - INFO - === STEP 3: Basin Processing ===
2025-07-22 23:47:38,681 - INFO - Creating subbasins...
2025-07-22 23:47:38,687 - INFO - Created 16 records
2025-07-22 23:47:38,688 - INFO - Created 16 subbasins
2025-07-22 23:47:38,688 - INFO - Creating HRUs...
2025-07-22 23:47:38,694 - INFO - Created 16 records
2025-07-22 23:47:38,695 - INFO - Created 16 HRUs
2025-07-22 23:47:38,695 - INFO - === STEP 4: Forcing Data ===
2025-07-22 23:47:38,695 - INFO - Formatting forcing data for Raven...
2025-07-22 23:47:38,894 - INFO - RVT file created: workspace/outputs/forcing/raven_model.rvt
2025-07-22 23:47:38,895 - INFO - Creating gauge file...
2025-07-22 23:47:38,896 - INFO - Gauge file created: workspace/outputs/forcing/gauges.rvg
2025-07-22 23:47:38,896 - INFO - === STEP 5: Model Building ===
2025-07-22 23:47:38,896 - INFO - Creating RVI file...
2025-07-22 23:47:38,896 - INFO - RVI file created: workspace/outputs/raven/raven_model.rvi
2025-07-22 23:47:38,896 - INFO - Creating RVH file...
2025-07-22 23:47:38,899 - INFO - RVH file created: workspace/outputs/raven/raven_model.rvh
2025-07-22 23:47:38,899 - INFO - Creating RVP file...
2025-07-22 23:47:38,899 - INFO - RVP file created: workspace/outputs/raven/raven_model.rvp
2025-07-22 23:47:38,900 - INFO - Creating RVC file...
2025-07-22 23:47:38,901 - INFO - RVC file created: workspace/outputs/raven/raven_model.rvc
2025-07-22 23:47:38,901 - INFO - === STEP 6: Visualization ===
2025-07-22 23:47:38,901 - INFO - Creating study area plot...
2025-07-22 23:47:39,229 - INFO - Study area plot saved: workspace/outputs/plots/study_area.png
2025-07-22 23:47:39,229 - INFO - Creating subbasins plot...
2025-07-22 23:47:39,910 - INFO - Subbasins plot saved: workspace/outputs/plots/subbasins.png
2025-07-22 23:47:39,910 - INFO - Creating climate data plot...
2025-07-22 23:47:41,922 - INFO - Climate summary plot saved: workspace/outputs/plots/climate_summary.png
2025-07-22 23:47:41,923 - INFO - === STEP 7: Summary Report ===
2025-07-22 23:47:41,923 - INFO - Creating summary report...
2025-07-22 23:47:41,923 - INFO - Summary report created: workspace/outputs/workflow_summary.md
2025-07-22 23:47:41,923 - INFO - Input validation: {'study_area': False, 'dem': True, 'climate': True}
2025-07-22 23:47:41,924 - INFO - === WORKFLOW COMPLETED ===
2025-07-22 23:47:41,924 - INFO - Completed 7/8 steps successfully
2025-07-22 23:54:31,555 - INFO - Workspace directories created
2025-07-22 23:54:31,556 - INFO - Magpie Workflow initialized: raven_model
2025-07-22 23:54:31,557 - INFO - Starting Magpie Workflow...
2025-07-22 23:54:31,557 - INFO - === STEP 1: Study Area Processing ===
2025-07-22 23:54:31,557 - INFO - Loading study area...
2025-07-22 23:54:31,557 - ERROR - Study area shapefile not found: workspace/data/inputs/study_area.shp
2025-07-22 23:54:31,557 - INFO - Creating sample study area...
2025-07-22 23:54:31,609 - INFO - Created 1 records
2025-07-22 23:54:31,611 - INFO - === STEP 2: Data Preparation ===
2025-07-22 23:54:31,611 - INFO - Creating sample DEM...
2025-07-22 23:54:31,644 - INFO - Sample DEM created: workspace/data/dem_sample.csv
2025-07-22 23:54:31,645 - INFO - Creating sample climate data...
2025-07-22 23:54:31,726 - INFO - Sample climate data created: workspace/data/climate_sample.csv (2192 records)
2025-07-22 23:54:31,726 - INFO - === STEP 3: Basin Processing ===
2025-07-22 23:54:31,726 - INFO - Creating subbasins...
2025-07-22 23:54:31,737 - INFO - Created 16 records
2025-07-22 23:54:31,737 - INFO - Created 16 subbasins
2025-07-22 23:54:31,737 - INFO - Creating HRUs...
2025-07-22 23:54:31,743 - INFO - Created 16 records
2025-07-22 23:54:31,744 - INFO - Created 16 HRUs
2025-07-22 23:54:31,744 - INFO - === STEP 4: Forcing Data ===
2025-07-22 23:54:31,744 - INFO - Formatting forcing data for Raven...
2025-07-22 23:54:31,887 - INFO - RVT file created: workspace/outputs/forcing/raven_model.rvt
2025-07-22 23:54:31,887 - INFO - Creating gauge file...
2025-07-22 23:54:31,888 - INFO - Gauge file created: workspace/outputs/forcing/gauges.rvg
2025-07-22 23:54:31,888 - INFO - === STEP 5: Model Building ===
2025-07-22 23:54:31,888 - INFO - Creating RVI file...
2025-07-22 23:54:31,888 - INFO - RVI file created: workspace/outputs/raven/raven_model.rvi
2025-07-22 23:54:31,888 - INFO - Creating RVH file...
2025-07-22 23:54:31,890 - INFO - RVH file created: workspace/outputs/raven/raven_model.rvh
2025-07-22 23:54:31,891 - INFO - Creating RVP file...
2025-07-22 23:54:31,891 - INFO - RVP file created: workspace/outputs/raven/raven_model.rvp
2025-07-22 23:54:31,891 - INFO - Creating RVC file...
2025-07-22 23:54:31,893 - INFO - RVC file created: workspace/outputs/raven/raven_model.rvc
2025-07-22 23:54:31,893 - INFO - === STEP 6: Visualization ===
2025-07-22 23:54:31,893 - INFO - Creating study area plot...
2025-07-22 23:54:32,246 - INFO - Study area plot saved: workspace/outputs/plots/study_area.png
2025-07-22 23:54:32,246 - INFO - Creating subbasins plot...
2025-07-22 23:54:32,853 - INFO - Subbasins plot saved: workspace/outputs/plots/subbasins.png
2025-07-22 23:54:32,853 - INFO - Creating climate data plot...
2025-07-22 23:54:34,397 - INFO - Climate summary plot saved: workspace/outputs/plots/climate_summary.png
2025-07-22 23:54:34,397 - INFO - === STEP 7: Summary Report ===
2025-07-22 23:54:34,397 - INFO - Creating summary report...
2025-07-22 23:54:34,398 - INFO - Summary report created: workspace/outputs/workflow_summary.md
2025-07-22 23:54:34,398 - INFO - Input validation: {'study_area': True, 'dem': True, 'climate': True}
2025-07-22 23:54:34,398 - INFO - === WORKFLOW COMPLETED ===
2025-07-22 23:54:34,398 - INFO - Completed 8/8 steps successfully
